2022-03-24 15:34:12 INFO  FareCalculatorServiceTest:34 - Setting up the Fare Calculator Service
2022-03-24 15:34:12 INFO  FareCalculatorServiceTest:40 - Creating a new Ticket
2022-03-24 15:34:12 INFO  FareCalculatorServiceTest:40 - Creating a new Ticket
2022-03-24 15:34:12 INFO  DataBaseConfig:13 - Create DB connection
2022-03-24 15:34:12 INFO  DataBaseConfig:45 - Closing Result Set
2022-03-24 15:34:12 INFO  DataBaseConfig:34 - Closing Prepared Statement
2022-03-24 15:34:12 INFO  DataBaseConfig:23 - Closing DB connection
2022-03-24 15:34:12 INFO  FareCalculatorServiceTest:40 - Creating a new Ticket
2022-03-24 15:34:12 INFO  DataBaseConfig:13 - Create DB connection
2022-03-24 15:34:13 INFO  DataBaseConfig:45 - Closing Result Set
2022-03-24 15:34:13 INFO  DataBaseConfig:34 - Closing Prepared Statement
2022-03-24 15:34:13 INFO  DataBaseConfig:23 - Closing DB connection
2022-03-24 15:34:13 INFO  FareCalculatorServiceTest:40 - Creating a new Ticket
2022-03-24 15:34:13 INFO  DataBaseConfig:13 - Create DB connection
2022-03-24 15:34:13 INFO  DataBaseConfig:45 - Closing Result Set
2022-03-24 15:34:13 INFO  DataBaseConfig:34 - Closing Prepared Statement
2022-03-24 15:34:13 INFO  DataBaseConfig:23 - Closing DB connection
2022-03-24 15:34:13 INFO  FareCalculatorServiceTest:40 - Creating a new Ticket
2022-03-24 15:34:13 INFO  DataBaseConfig:13 - Create DB connection
2022-03-24 15:34:13 INFO  DataBaseConfig:23 - Closing DB connection
2022-03-24 15:34:13 INFO  DataBaseConfig:13 - Create DB connection
2022-03-24 15:34:13 INFO  DataBaseConfig:45 - Closing Result Set
2022-03-24 15:34:13 INFO  DataBaseConfig:34 - Closing Prepared Statement
2022-03-24 15:34:13 INFO  DataBaseConfig:23 - Closing DB connection
2022-03-24 15:34:13 INFO  FareCalculatorServiceTest:40 - Creating a new Ticket
2022-03-24 15:34:13 INFO  FareCalculatorServiceTest:40 - Creating a new Ticket
2022-03-24 15:34:13 INFO  DataBaseConfig:13 - Create DB connection
2022-03-24 15:34:13 INFO  DataBaseConfig:45 - Closing Result Set
2022-03-24 15:34:13 INFO  DataBaseConfig:34 - Closing Prepared Statement
2022-03-24 15:34:13 INFO  DataBaseConfig:23 - Closing DB connection
2022-03-24 15:34:13 INFO  FareCalculatorServiceTest:40 - Creating a new Ticket
2022-03-24 15:34:13 INFO  DataBaseConfig:13 - Create DB connection
2022-03-24 15:34:13 INFO  DataBaseConfig:45 - Closing Result Set
2022-03-24 15:34:13 INFO  DataBaseConfig:34 - Closing Prepared Statement
2022-03-24 15:34:13 INFO  DataBaseConfig:23 - Closing DB connection
2022-03-24 15:34:13 INFO  FareCalculatorServiceTest:40 - Creating a new Ticket
2022-03-24 15:34:13 INFO  DataBaseTestConfig:14 - Create DB connection
2022-03-24 15:34:13 INFO  DataBaseTestConfig:24 - Closing DB connection
2022-03-24 15:34:13 INFO  DataBaseTestConfig:14 - Create DB connection
2022-03-24 15:34:13 INFO  DataBaseTestConfig:46 - Closing Result Set
2022-03-24 15:34:13 INFO  DataBaseTestConfig:35 - Closing Prepared Statement
2022-03-24 15:34:13 INFO  DataBaseTestConfig:24 - Closing DB connection
2022-03-24 15:34:13 INFO  DataBaseTestConfig:14 - Create DB connection
2022-03-24 15:34:13 INFO  DataBaseTestConfig:35 - Closing Prepared Statement
2022-03-24 15:34:13 INFO  DataBaseTestConfig:24 - Closing DB connection
2022-03-24 15:34:13 INFO  DataBaseTestConfig:14 - Create DB connection
2022-03-24 15:34:13 INFO  DataBaseTestConfig:24 - Closing DB connection
2022-03-24 15:34:14 INFO  DataBaseTestConfig:14 - Create DB connection
2022-03-24 15:34:14 INFO  DataBaseTestConfig:46 - Closing Result Set
2022-03-24 15:34:14 INFO  DataBaseTestConfig:35 - Closing Prepared Statement
2022-03-24 15:34:14 INFO  DataBaseTestConfig:24 - Closing DB connection
2022-03-24 15:34:14 INFO  DataBaseTestConfig:14 - Create DB connection
2022-03-24 15:34:14 INFO  DataBaseTestConfig:24 - Closing DB connection
2022-03-24 15:34:14 INFO  DataBaseTestConfig:14 - Create DB connection
2022-03-24 15:34:14 INFO  DataBaseTestConfig:35 - Closing Prepared Statement
2022-03-24 15:34:14 INFO  DataBaseTestConfig:24 - Closing DB connection
2022-03-24 15:34:14 INFO  DataBaseTestConfig:14 - Create DB connection
2022-03-24 15:34:14 INFO  DataBaseTestConfig:46 - Closing Result Set
2022-03-24 15:34:14 INFO  DataBaseTestConfig:35 - Closing Prepared Statement
2022-03-24 15:34:14 INFO  DataBaseTestConfig:24 - Closing DB connection
2022-03-24 15:34:14 INFO  DataBaseTestConfig:14 - Create DB connection
2022-03-24 15:34:14 INFO  TicketDAO:152 - Ticket Out time is : 
2022-03-24 15:34:14 INFO  DataBaseTestConfig:24 - Closing DB connection
2022-03-24 15:34:14 INFO  DataBaseTestConfig:14 - Create DB connection
2022-03-24 15:34:14 INFO  DataBaseTestConfig:24 - Closing DB connection
2022-03-24 15:34:14 INFO  DataBaseTestConfig:14 - Create DB connection
2022-03-24 15:34:14 INFO  TicketDAO:152 - Ticket Out time is : 
2022-03-24 15:34:14 INFO  DataBaseTestConfig:24 - Closing DB connection
2022-03-24 15:34:14 INFO  DataBaseTestConfig:14 - Create DB connection
2022-03-24 15:34:14 INFO  DataBaseTestConfig:24 - Closing DB connection
2022-03-24 15:34:14 INFO  DataBaseTestConfig:14 - Create DB connection
2022-03-24 15:34:14 INFO  DataBaseTestConfig:46 - Closing Result Set
2022-03-24 15:34:14 INFO  DataBaseTestConfig:35 - Closing Prepared Statement
2022-03-24 15:34:14 INFO  DataBaseTestConfig:24 - Closing DB connection
2022-03-24 15:34:14 INFO  DataBaseTestConfig:14 - Create DB connection
2022-03-24 15:34:14 INFO  DataBaseTestConfig:46 - Closing Result Set
2022-03-24 15:34:14 INFO  DataBaseTestConfig:35 - Closing Prepared Statement
2022-03-24 15:34:14 INFO  DataBaseTestConfig:24 - Closing DB connection
2022-03-24 15:34:14 INFO  DataBaseTestConfig:14 - Create DB connection
2022-03-24 15:34:15 INFO  DataBaseTestConfig:35 - Closing Prepared Statement
2022-03-24 15:34:15 INFO  DataBaseTestConfig:24 - Closing DB connection
2022-03-24 15:34:15 INFO  DataBaseTestConfig:14 - Create DB connection
2022-03-24 15:34:15 INFO  DataBaseTestConfig:24 - Closing DB connection
2022-03-24 15:34:15 INFO  DataBaseTestConfig:14 - Create DB connection
2022-03-24 15:34:15 INFO  DataBaseTestConfig:46 - Closing Result Set
2022-03-24 15:34:15 INFO  DataBaseTestConfig:35 - Closing Prepared Statement
2022-03-24 15:34:15 INFO  DataBaseTestConfig:24 - Closing DB connection
2022-03-24 15:34:15 INFO  DataBaseTestConfig:14 - Create DB connection
2022-03-24 15:34:15 INFO  DataBaseTestConfig:46 - Closing Result Set
2022-03-24 15:34:15 INFO  DataBaseTestConfig:35 - Closing Prepared Statement
2022-03-24 15:34:15 INFO  DataBaseTestConfig:24 - Closing DB connection
2022-03-24 15:34:15 INFO  DataBaseTestConfig:14 - Create DB connection
2022-03-24 15:34:15 INFO  DataBaseTestConfig:24 - Closing DB connection
2022-03-24 15:34:15 ERROR ParkingService:71 - Error fetching next available parking slot
2022-03-24 15:34:15 INFO  DataBaseConfig:13 - Create DB connection
2022-03-24 15:34:15 INFO  DataBaseConfig:45 - Closing Result Set
2022-03-24 15:34:15 INFO  DataBaseConfig:34 - Closing Prepared Statement
2022-03-24 15:34:15 INFO  DataBaseConfig:23 - Closing DB connection
2022-03-24 15:34:15 ERROR InputReaderUtil:22 - Error while reading user input from Shell
java.lang.NullPointerException: Cannot invoke "java.util.Scanner.nextLine()" because "this.scan" is null
	at com.parkit.parkingsystem.util.InputReaderUtil.readSelection(InputReaderUtil.java:19) ~[classes/:?]
	at com.parkit.parkingsystem.util.InputReaderUtilTest.testReadSelection(InputReaderUtilTest.java:17) ~[test-classes/:?]
	at jdk.internal.reflect.NativeMethodAccessorImpl.invoke0(Native Method) ~[?:?]
	at jdk.internal.reflect.NativeMethodAccessorImpl.invoke(NativeMethodAccessorImpl.java:77) ~[?:?]
	at jdk.internal.reflect.DelegatingMethodAccessorImpl.invoke(DelegatingMethodAccessorImpl.java:43) ~[?:?]
	at java.lang.reflect.Method.invoke(Method.java:568) ~[?:?]
	at org.junit.platform.commons.util.ReflectionUtils.invokeMethod(ReflectionUtils.java:532) ~[junit-platform-commons-1.3.2.jar:1.3.2]
	at org.junit.jupiter.engine.execution.ExecutableInvoker.invoke(ExecutableInvoker.java:115) ~[junit-jupiter-engine-5.3.2.jar:5.3.2]
	at org.junit.jupiter.engine.descriptor.TestMethodTestDescriptor.lambda$invokeTestMethod$6(TestMethodTestDescriptor.java:171) ~[junit-jupiter-engine-5.3.2.jar:5.3.2]
	at org.junit.platform.engine.support.hierarchical.ThrowableCollector.execute(ThrowableCollector.java:72) ~[junit-platform-engine-1.3.2.jar:1.3.2]
	at org.junit.jupiter.engine.descriptor.TestMethodTestDescriptor.invokeTestMethod(TestMethodTestDescriptor.java:167) ~[junit-jupiter-engine-5.3.2.jar:5.3.2]
	at org.junit.jupiter.engine.descriptor.TestMethodTestDescriptor.execute(TestMethodTestDescriptor.java:114) ~[junit-jupiter-engine-5.3.2.jar:5.3.2]
	at org.junit.jupiter.engine.descriptor.TestMethodTestDescriptor.execute(TestMethodTestDescriptor.java:59) ~[junit-jupiter-engine-5.3.2.jar:5.3.2]
	at org.junit.platform.engine.support.hierarchical.NodeTestTask.lambda$executeRecursively$4(NodeTestTask.java:108) ~[junit-platform-engine-1.3.2.jar:1.3.2]
	at org.junit.platform.engine.support.hierarchical.ThrowableCollector.execute(ThrowableCollector.java:72) ~[junit-platform-engine-1.3.2.jar:1.3.2]
	at org.junit.platform.engine.support.hierarchical.NodeTestTask.executeRecursively(NodeTestTask.java:98) ~[junit-platform-engine-1.3.2.jar:1.3.2]
	at org.junit.platform.engine.support.hierarchical.NodeTestTask.execute(NodeTestTask.java:74) ~[junit-platform-engine-1.3.2.jar:1.3.2]
	at java.util.ArrayList.forEach(ArrayList.java:1511) ~[?:?]
	at org.junit.platform.engine.support.hierarchical.SameThreadHierarchicalTestExecutorService.invokeAll(SameThreadHierarchicalTestExecutorService.java:38) ~[junit-platform-engine-1.3.2.jar:1.3.2]
	at org.junit.platform.engine.support.hierarchical.NodeTestTask.lambda$executeRecursively$4(NodeTestTask.java:112) ~[junit-platform-engine-1.3.2.jar:1.3.2]
	at org.junit.platform.engine.support.hierarchical.ThrowableCollector.execute(ThrowableCollector.java:72) ~[junit-platform-engine-1.3.2.jar:1.3.2]
	at org.junit.platform.engine.support.hierarchical.NodeTestTask.executeRecursively(NodeTestTask.java:98) ~[junit-platform-engine-1.3.2.jar:1.3.2]
	at org.junit.platform.engine.support.hierarchical.NodeTestTask.execute(NodeTestTask.java:74) ~[junit-platform-engine-1.3.2.jar:1.3.2]
	at java.util.ArrayList.forEach(ArrayList.java:1511) ~[?:?]
	at org.junit.platform.engine.support.hierarchical.SameThreadHierarchicalTestExecutorService.invokeAll(SameThreadHierarchicalTestExecutorService.java:38) ~[junit-platform-engine-1.3.2.jar:1.3.2]
	at org.junit.platform.engine.support.hierarchical.NodeTestTask.lambda$executeRecursively$4(NodeTestTask.java:112) ~[junit-platform-engine-1.3.2.jar:1.3.2]
	at org.junit.platform.engine.support.hierarchical.ThrowableCollector.execute(ThrowableCollector.java:72) [junit-platform-engine-1.3.2.jar:1.3.2]
	at org.junit.platform.engine.support.hierarchical.NodeTestTask.executeRecursively(NodeTestTask.java:98) [junit-platform-engine-1.3.2.jar:1.3.2]
	at org.junit.platform.engine.support.hierarchical.NodeTestTask.execute(NodeTestTask.java:74) [junit-platform-engine-1.3.2.jar:1.3.2]
	at org.junit.platform.engine.support.hierarchical.SameThreadHierarchicalTestExecutorService.submit(SameThreadHierarchicalTestExecutorService.java:32) [junit-platform-engine-1.3.2.jar:1.3.2]
	at org.junit.platform.engine.support.hierarchical.HierarchicalTestExecutor.execute(HierarchicalTestExecutor.java:57) [junit-platform-engine-1.3.2.jar:1.3.2]
	at org.junit.platform.engine.support.hierarchical.HierarchicalTestEngine.execute(HierarchicalTestEngine.java:51) [junit-platform-engine-1.3.2.jar:1.3.2]
	at org.junit.platform.launcher.core.DefaultLauncher.execute(DefaultLauncher.java:170) [junit-platform-launcher-1.2.0.jar:1.2.0]
	at org.junit.platform.launcher.core.DefaultLauncher.execute(DefaultLauncher.java:154) [junit-platform-launcher-1.2.0.jar:1.2.0]
	at org.junit.platform.launcher.core.DefaultLauncher.execute(DefaultLauncher.java:90) [junit-platform-launcher-1.2.0.jar:1.2.0]
	at org.junit.platform.surefire.provider.JUnitPlatformProvider.invokeAllTests(JUnitPlatformProvider.java:132) [junit-platform-surefire-provider-1.2.0.jar:1.2.0]
	at org.junit.platform.surefire.provider.JUnitPlatformProvider.invoke(JUnitPlatformProvider.java:111) [junit-platform-surefire-provider-1.2.0.jar:1.2.0]
	at org.apache.maven.surefire.booter.ForkedBooter.invokeProviderInSameClassLoader(ForkedBooter.java:379) [surefire-booter-2.21.0.jar:2.21.0]
	at org.apache.maven.surefire.booter.ForkedBooter.runSuitesInProcess(ForkedBooter.java:340) [surefire-booter-2.21.0.jar:2.21.0]
	at org.apache.maven.surefire.booter.ForkedBooter.execute(ForkedBooter.java:125) [surefire-booter-2.21.0.jar:2.21.0]
	at org.apache.maven.surefire.booter.ForkedBooter.main(ForkedBooter.java:413) [surefire-booter-2.21.0.jar:2.21.0]
2022-03-24 15:34:15 ERROR InputReaderUtil:37 - Error while reading user input from Shell
java.lang.NullPointerException: Cannot invoke "java.util.Scanner.nextLine()" because "this.scan" is null
	at com.parkit.parkingsystem.util.InputReaderUtil.readVehicleRegistrationNumber(InputReaderUtil.java:31) ~[classes/:?]
	at com.parkit.parkingsystem.util.InputReaderUtilTest.lambda$testReadVehicleRegistrationNumberNull$0(InputReaderUtilTest.java:28) ~[test-classes/:?]
	at org.junit.jupiter.api.AssertThrows.assertThrows(AssertThrows.java:54) ~[junit-jupiter-api-5.3.2.jar:5.3.2]
	at org.junit.jupiter.api.AssertThrows.assertThrows(AssertThrows.java:36) ~[junit-jupiter-api-5.3.2.jar:5.3.2]
	at org.junit.jupiter.api.Assertions.assertThrows(Assertions.java:1179) ~[junit-jupiter-api-5.3.2.jar:5.3.2]
	at com.parkit.parkingsystem.util.InputReaderUtilTest.testReadVehicleRegistrationNumberNull(InputReaderUtilTest.java:26) ~[test-classes/:?]
	at jdk.internal.reflect.NativeMethodAccessorImpl.invoke0(Native Method) ~[?:?]
	at jdk.internal.reflect.NativeMethodAccessorImpl.invoke(NativeMethodAccessorImpl.java:77) ~[?:?]
	at jdk.internal.reflect.DelegatingMethodAccessorImpl.invoke(DelegatingMethodAccessorImpl.java:43) ~[?:?]
	at java.lang.reflect.Method.invoke(Method.java:568) ~[?:?]
	at org.junit.platform.commons.util.ReflectionUtils.invokeMethod(ReflectionUtils.java:532) ~[junit-platform-commons-1.3.2.jar:1.3.2]
	at org.junit.jupiter.engine.execution.ExecutableInvoker.invoke(ExecutableInvoker.java:115) ~[junit-jupiter-engine-5.3.2.jar:5.3.2]
	at org.junit.jupiter.engine.descriptor.TestMethodTestDescriptor.lambda$invokeTestMethod$6(TestMethodTestDescriptor.java:171) ~[junit-jupiter-engine-5.3.2.jar:5.3.2]
	at org.junit.platform.engine.support.hierarchical.ThrowableCollector.execute(ThrowableCollector.java:72) ~[junit-platform-engine-1.3.2.jar:1.3.2]
	at org.junit.jupiter.engine.descriptor.TestMethodTestDescriptor.invokeTestMethod(TestMethodTestDescriptor.java:167) ~[junit-jupiter-engine-5.3.2.jar:5.3.2]
	at org.junit.jupiter.engine.descriptor.TestMethodTestDescriptor.execute(TestMethodTestDescriptor.java:114) ~[junit-jupiter-engine-5.3.2.jar:5.3.2]
	at org.junit.jupiter.engine.descriptor.TestMethodTestDescriptor.execute(TestMethodTestDescriptor.java:59) ~[junit-jupiter-engine-5.3.2.jar:5.3.2]
	at org.junit.platform.engine.support.hierarchical.NodeTestTask.lambda$executeRecursively$4(NodeTestTask.java:108) ~[junit-platform-engine-1.3.2.jar:1.3.2]
	at org.junit.platform.engine.support.hierarchical.ThrowableCollector.execute(ThrowableCollector.java:72) ~[junit-platform-engine-1.3.2.jar:1.3.2]
	at org.junit.platform.engine.support.hierarchical.NodeTestTask.executeRecursively(NodeTestTask.java:98) ~[junit-platform-engine-1.3.2.jar:1.3.2]
	at org.junit.platform.engine.support.hierarchical.NodeTestTask.execute(NodeTestTask.java:74) ~[junit-platform-engine-1.3.2.jar:1.3.2]
	at java.util.ArrayList.forEach(ArrayList.java:1511) ~[?:?]
	at org.junit.platform.engine.support.hierarchical.SameThreadHierarchicalTestExecutorService.invokeAll(SameThreadHierarchicalTestExecutorService.java:38) ~[junit-platform-engine-1.3.2.jar:1.3.2]
	at org.junit.platform.engine.support.hierarchical.NodeTestTask.lambda$executeRecursively$4(NodeTestTask.java:112) ~[junit-platform-engine-1.3.2.jar:1.3.2]
	at org.junit.platform.engine.support.hierarchical.ThrowableCollector.execute(ThrowableCollector.java:72) ~[junit-platform